Entry with id "k201" ("abgesehen davon, dass") has 0 for non_conn_node in ambiguity, yet non_conn_reading example (None)
Entry with id "k2" ("alldieweil") has 0 for non_conn_node in ambiguity, yet non_conn_reading example (None)
Entry with id "k5" ("allerdings") has 0 for non_conn_node in ambiguity, yet non_conn_reading example ("Hast du das gehoert?"
        "Allerdings"!)
Entry with id "k210" ("angesichts dessen, dass") has 0 for non_conn_node in ambiguity, yet non_conn_reading example (None)
Entry with id "k14" ("anstatt dass") has 0 for non_conn_node in ambiguity, yet non_conn_reading example (None)
Entry with id "k21" ("aufgrund dessen, dass") has 0 for non_conn_node in ambiguity, yet non_conn_reading example (None)
Entry with id "k212" ("ausgenommen") has 0 for non_conn_node in ambiguity, yet non_conn_reading example (Alle müssen zur Prüfung, nur Ulrike ist
        ausgenommen.)
Entry with id "k299" ("außer, dass") has 0 for non_conn_node in ambiguity, yet non_conn_reading example (None)
Entry with id "k25" ("außer wenn") has 0 for non_conn_node in ambiguity, yet non_conn_reading example (None)
Entry with id "k26" ("außerdem") has 0 for non_conn_node in ambiguity, yet non_conn_reading example (Wir aßen Fisch, außerdem Kartoffeln.)
Entry with id "k33" ("dadurch , dass") has 0 for non_conn_node in ambiguity, yet non_conn_reading example (Dadurch glaubte sie, dass es keinen Zweck hat.)
Entry with id "k45" ("daraufhin") has 0 for non_conn_node in ambiguity, yet non_conn_reading example (None)
Entry with id "k225" ("dementgegen") has 0 for non_conn_node in ambiguity, yet non_conn_reading example (None)
Entry with id "k58" ("dennoch") has 0 for non_conn_node in ambiguity, yet non_conn_reading example (None)
Entry with id "k61" ("deshalb") has 0 for non_conn_node in ambiguity, yet non_conn_reading example (None)
Entry with id "k228" ("ehe") has 0 for non_conn_node in ambiguity, yet non_conn_reading example (Ehe hat für mich immer einen schlechten Klang gehabt.)
Entry with id "k234" ("es sei denn") has 0 for non_conn_node in ambiguity, yet non_conn_reading example (None)
Entry with id "k239" ("gesetzt") has 0 for non_conn_node in ambiguity, yet non_conn_reading example (Sie hat sich dann erst einmal gesetzt.)
Entry with id "k88" ("hingegen") has 0 for non_conn_node in ambiguity, yet non_conn_reading example (None)
Entry with id "k247" ("in Anbetracht dessen") has 0 for non_conn_node in ambiguity, yet non_conn_reading example (None)
Entry with id "k248" ("in Anbetracht dessen, dass") has 0 for non_conn_node in ambiguity, yet non_conn_reading example (None)
Entry with id "k90" ("indem") has 0 for non_conn_node in ambiguity, yet non_conn_reading example (None)
Entry with id "k249" ("indessen") has 0 for non_conn_node in ambiguity, yet non_conn_reading example (None)
Entry with id "k296" ("insofern") has 0 for non_conn_node in ambiguity, yet non_conn_reading example (None)
Entry with id "k94" ("insoweit") has 0 for non_conn_node in ambiguity, yet non_conn_reading example (None)
Entry with id "k97" ("inzwischen") has 0 for non_conn_node in ambiguity, yet non_conn_reading example (None)
Entry with id "k251" ("jedoch") has 0 for non_conn_node in ambiguity, yet non_conn_reading example (None)
Entry with id "k254" ("kaum dass") has 0 for non_conn_node in ambiguity, yet non_conn_reading example (None)
Entry with id "k99" ("konsequenterweise") has 0 for non_conn_node in ambiguity, yet non_conn_reading example (None)
Entry with id "k257" ("mit anderen Worten") has 0 for non_conn_node in ambiguity, yet non_conn_reading example (Das kann man auch mit anderen Worten sagen!)
Entry with id "k104" ("nachdem") has 0 for non_conn_node in ambiguity, yet non_conn_reading example (None)
Entry with id "k261" ("nichtsdestominder") has 0 for non_conn_node in ambiguity, yet non_conn_reading example (None)
Entry with id "k118" ("ohne dass") has 0 for non_conn_node in ambiguity, yet non_conn_reading example (None)
Entry with id "k124" ("seitdem") has 0 for non_conn_node in ambiguity, yet non_conn_reading example (None)
Entry with id "k125" ("seither") has 0 for non_conn_node in ambiguity, yet non_conn_reading example (None)
Entry with id "k131" ("sodass") has 0 for non_conn_node in ambiguity, yet non_conn_reading example (None)
Entry with id "k133" ("sofern") has 0 for non_conn_node in ambiguity, yet non_conn_reading example (None)
Entry with id "k136" ("sonach") has 0 for non_conn_node in ambiguity, yet non_conn_reading example (None)
Entry with id "k269" ("sosehr") has 0 for non_conn_node in ambiguity, yet non_conn_reading example (None)
Entry with id "k143" ("trotzdem") has 0 for non_conn_node in ambiguity, yet non_conn_reading example (None)
Entry with id "k277" ("unbeschadet dessen, dass") has 0 for non_conn_node in ambiguity, yet non_conn_reading example (None)
Entry with id "k280" ("ungeachtet dessen, dass") has 0 for non_conn_node in ambiguity, yet non_conn_reading example (None)
Entry with id "k150" ("unterdessen ") has 0 for non_conn_node in ambiguity, yet non_conn_reading example (None)
Entry with id "k283" ("vorbehaltlich dessen, dass") has 0 for non_conn_node in ambiguity, yet non_conn_reading example (None)
Entry with id "k161" ("weil") has 0 for non_conn_node in ambiguity, yet non_conn_reading example (None)
Entry with id "k286" ("wobei") has 0 for non_conn_node in ambiguity, yet non_conn_reading example (None)
Entry with id "k288" ("wohingegen") has 0 for non_conn_node in ambiguity, yet non_conn_reading example (None)
Entry with id "k172" ("woraufhin") has 0 for non_conn_node in ambiguity, yet non_conn_reading example (Woraufhin wurde das entschieden?)
Entry with id "k174" ("währenddessen") has 0 for non_conn_node in ambiguity, yet non_conn_reading example (Es gab später noch ein Fussballspiel, währenddessen ich
        eingeschlafen bin.)
Entry with id "k177" ("zudem") has 0 for non_conn_node in ambiguity, yet non_conn_reading example (None)
